TN:
SF:src\services\AsyncThunk\autorizationUserThunk.ts
FN:2,_regeneratorDefine2
FN:2,_regeneratorDefine
FN:2,o
FN:2,_OverloadYield
FN:2,asyncGeneratorStep
FN:2,_asyncToGenerator
FN:12,_callee
FN:32,_callee2
FNF:8
FNH:4
FNDA:2,_regeneratorDefine2
FNDA:20,_regeneratorDefine
FNDA:6,o
FNDA:0,_OverloadYield
FNDA:0,asyncGeneratorStep
FNDA:4,_asyncToGenerator
FNDA:0,_callee
FNDA:0,_callee2
DA:1,1
DA:2,0
DA:3,1
DA:4,1
DA:5,1
DA:6,1
DA:7,1
DA:8,1
DA:9,1
DA:10,1
DA:11,1
DA:12,2
DA:13,0
DA:14,0
DA:15,0
DA:16,0
DA:17,0
DA:18,0
DA:19,0
DA:20,0
DA:21,2
DA:22,2
DA:23,1
DA:24,1
DA:25,1
DA:26,1
DA:27,1
DA:28,1
DA:29,1
DA:30,1
DA:31,1
DA:32,2
DA:33,0
DA:34,0
DA:35,0
DA:36,0
DA:37,0
DA:38,2
DA:39,2
DA:40,1
LF:40
LH:26
BRDA:2,0,0,2
BRDA:2,1,0,0
BRDA:2,2,0,20
BRDA:2,3,0,18
BRDA:2,4,0,0
BRDA:2,5,0,2
BRDA:2,6,0,6
BRDA:2,7,0,4
BRDA:11,8,0,2
BRDA:31,9,0,2
BRF:10
BRH:8
end_of_record
TN:
SF:src\services\AsyncThunk\createOrderThunk.ts
FN:2,i
FN:2,Generator
FN:2,GeneratorFunction
FN:2,GeneratorFunctionPrototype
FN:2,f
FN:2,_regenerator
FN:2,_regeneratorDefine2
FN:2,_regeneratorDefine
FN:2,o
FN:2,_OverloadYield
FN:2,_toConsumableArray
FN:2,_nonIterableSpread
FN:2,_unsupportedIterableToArray
FN:2,_iterableToArray
FN:2,_arrayWithoutHoles
FN:2,_arrayLikeToArray
FN:2,asyncGeneratorStep
FN:2,_asyncToGenerator
FN:9,_callee
FNF:19
FNH:6
FNDA:0,i
FNDA:0,Generator
FNDA:0,GeneratorFunction
FNDA:0,GeneratorFunctionPrototype
FNDA:4,f
FNDA:2,_regenerator
FNDA:2,_regeneratorDefine2
FNDA:20,_regeneratorDefine
FNDA:6,o
FNDA:0,_OverloadYield
FNDA:0,_toConsumableArray
FNDA:0,_nonIterableSpread
FNDA:0,_unsupportedIterableToArray
FNDA:0,_iterableToArray
FNDA:0,_arrayWithoutHoles
FNDA:0,_arrayLikeToArray
FNDA:0,asyncGeneratorStep
FNDA:2,_asyncToGenerator
FNDA:0,_callee
DA:1,1
DA:2,0
DA:3,1
DA:4,1
DA:5,1
DA:6,1
DA:7,1
DA:8,1
DA:9,1
DA:10,0
DA:11,0
DA:12,0
DA:13,0
DA:14,0
DA:15,0
DA:16,0
DA:17,0
DA:18,0
DA:19,0
DA:20,0
DA:21,0
DA:22,0
DA:23,0
DA:24,0
DA:25,0
DA:26,0
DA:27,0
DA:28,2
DA:29,1
LF:29
LH:10
BRDA:2,0,0,0
BRDA:2,1,0,0
BRDA:2,2,0,0
BRDA:2,3,0,0
BRDA:2,4,0,4
BRDA:2,5,0,0
BRDA:2,6,0,2
BRDA:2,7,0,2
BRDA:2,8,0,0
BRDA:2,9,0,20
BRDA:2,10,0,18
BRDA:2,11,0,0
BRDA:2,12,0,2
BRDA:2,13,0,6
BRDA:2,14,0,2
BRDA:9,15,0,2
BRF:16
BRH:9
end_of_record
TN:
SF:src\services\AsyncThunk\ingredientsThunk.ts
FN:2,_regeneratorDefine2
FN:2,_regeneratorDefine
FN:2,o
FN:2,_OverloadYield
FN:2,asyncGeneratorStep
FN:2,_asyncToGenerator
FN:9,_callee
FNF:7
FNH:4
FNDA:2,_regeneratorDefine2
FNDA:20,_regeneratorDefine
FNDA:6,o
FNDA:0,_OverloadYield
FNDA:0,asyncGeneratorStep
FNDA:2,_asyncToGenerator
FNDA:0,_callee
DA:1,1
DA:2,0
DA:3,1
DA:4,1
DA:5,1
DA:6,1
DA:7,1
DA:8,1
DA:9,1
DA:10,0
DA:11,0
DA:12,0
DA:13,0
DA:14,0
DA:15,2
DA:16,1
LF:16
LH:10
BRDA:2,0,0,2
BRDA:2,1,0,0
BRDA:2,2,0,20
BRDA:2,3,0,18
BRDA:2,4,0,0
BRDA:2,5,0,2
BRDA:2,6,0,6
BRDA:2,7,0,2
BRDA:9,8,0,2
BRF:9
BRH:7
end_of_record
TN:
SF:src\services\AsyncThunk\logoutThunk.ts
FN:2,_regeneratorDefine2
FN:2,_regeneratorDefine
FN:2,o
FN:2,_OverloadYield
FN:2,asyncGeneratorStep
FN:2,_asyncToGenerator
FN:7,_callee
FNF:7
FNH:4
FNDA:2,_regeneratorDefine2
FNDA:20,_regeneratorDefine
FNDA:6,o
FNDA:0,_OverloadYield
FNDA:0,asyncGeneratorStep
FNDA:2,_asyncToGenerator
FNDA:0,_callee
DA:1,1
DA:2,0
DA:3,1
DA:4,1
DA:5,1
DA:6,1
DA:7,2
DA:8,0
DA:9,0
DA:10,0
DA:11,0
DA:12,0
DA:13,0
DA:14,0
DA:15,0
DA:16,0
DA:17,2
DA:18,2
DA:19,1
LF:19
LH:9
BRDA:2,0,0,2
BRDA:2,1,0,0
BRDA:2,2,0,20
BRDA:2,3,0,18
BRDA:2,4,0,0
BRDA:2,5,0,2
BRDA:2,6,0,6
BRDA:2,7,0,2
BRDA:6,8,0,2
BRF:9
BRH:7
end_of_record
TN:
SF:src\services\AsyncThunk\orderThunk.ts
FN:2,i
FN:2,Generator
FN:2,GeneratorFunction
FN:2,GeneratorFunctionPrototype
FN:2,f
FN:2,_regenerator
FN:2,_regeneratorDefine2
FN:2,_regeneratorDefine
FN:2,o
FN:2,_OverloadYield
FN:2,asyncGeneratorStep
FN:2,_asyncToGenerator
FN:9,_callee
FN:21,_callee2
FN:33,_callee3
FN:45,_callee4
FNF:16
FNH:6
FNDA:0,i
FNDA:0,Generator
FNDA:0,GeneratorFunction
FNDA:0,GeneratorFunctionPrototype
FNDA:15,f
FNDA:3,_regenerator
FNDA:3,_regeneratorDefine2
FNDA:30,_regeneratorDefine
FNDA:9,o
FNDA:0,_OverloadYield
FNDA:0,asyncGeneratorStep
FNDA:12,_asyncToGenerator
FNDA:0,_callee
FNDA:0,_callee2
FNDA:0,_callee3
FNDA:0,_callee4
DA:1,1
DA:2,0
DA:3,1
DA:4,1
DA:5,1
DA:6,1
DA:7,1
DA:8,1
DA:9,1
DA:10,0
DA:11,0
DA:12,0
DA:13,0
DA:14,3
DA:15,1
DA:16,1
DA:17,1
DA:18,1
DA:19,1
DA:20,1
DA:21,1
DA:22,0
DA:23,0
DA:24,0
DA:25,0
DA:26,0
DA:27,0
DA:28,3
DA:29,1
DA:30,1
DA:31,1
DA:32,1
DA:33,3
DA:34,0
DA:35,0
DA:36,0
DA:37,0
DA:38,0
DA:39,3
DA:40,3
DA:41,1
DA:42,1
DA:43,1
DA:44,1
DA:45,3
DA:46,0
DA:47,0
DA:48,0
DA:49,0
DA:50,0
DA:51,0
DA:52,0
DA:53,3
DA:54,3
DA:55,1
LF:55
LH:32
BRDA:2,0,0,0
BRDA:2,1,0,0
BRDA:2,2,0,0
BRDA:2,3,0,0
BRDA:2,4,0,15
BRDA:2,5,0,0
BRDA:2,6,0,3
BRDA:2,7,0,3
BRDA:2,8,0,0
BRDA:2,9,0,30
BRDA:2,10,0,27
BRDA:2,11,0,0
BRDA:2,12,0,3
BRDA:2,13,0,9
BRDA:2,14,0,12
BRDA:9,15,0,3
BRDA:21,16,0,3
BRDA:32,17,0,3
BRDA:44,18,0,3
BRF:19
BRH:12
end_of_record
TN:
SF:src\services\AsyncThunk\registerUserThunk.ts
FN:2,i
FN:2,Generator
FN:2,GeneratorFunction
FN:2,GeneratorFunctionPrototype
FN:2,f
FN:2,_regenerator
FN:2,_regeneratorDefine2
FN:2,_regeneratorDefine
FN:2,o
FN:2,_OverloadYield
FN:2,asyncGeneratorStep
FN:2,_asyncToGenerator
FN:6,_callee
FNF:13
FNH:6
FNDA:0,i
FNDA:0,Generator
FNDA:0,GeneratorFunction
FNDA:0,GeneratorFunctionPrototype
FNDA:4,f
FNDA:2,_regenerator
FNDA:2,_regeneratorDefine2
FNDA:20,_regeneratorDefine
FNDA:6,o
FNDA:0,_OverloadYield
FNDA:0,asyncGeneratorStep
FNDA:2,_asyncToGenerator
FNDA:0,_callee
DA:1,1
DA:2,0
DA:3,1
DA:4,1
DA:5,1
DA:6,2
DA:7,0
DA:8,0
DA:9,0
DA:10,0
DA:11,0
DA:12,2
DA:13,2
DA:14,1
LF:14
LH:8
BRDA:2,0,0,0
BRDA:2,1,0,0
BRDA:2,2,0,0
BRDA:2,3,0,0
BRDA:2,4,0,4
BRDA:2,5,0,0
BRDA:2,6,0,2
BRDA:2,7,0,2
BRDA:2,8,0,0
BRDA:2,9,0,20
BRDA:2,10,0,18
BRDA:2,11,0,0
BRDA:2,12,0,2
BRDA:2,13,0,6
BRDA:2,14,0,2
BRDA:5,15,0,2
BRF:16
BRH:9
end_of_record
TN:
SF:src\services\AsyncThunk\updateTokens.ts
FN:2,i
FN:2,Generator
FN:2,GeneratorFunction
FN:2,GeneratorFunctionPrototype
FN:2,f
FN:2,_regenerator
FN:2,_regeneratorDefine2
FN:2,_regeneratorDefine
FN:2,o
FN:2,_OverloadYield
FN:2,asyncGeneratorStep
FN:2,_asyncToGenerator
FN:8,_callee
FNF:13
FNH:6
FNDA:0,i
FNDA:0,Generator
FNDA:0,GeneratorFunction
FNDA:0,GeneratorFunctionPrototype
FNDA:4,f
FNDA:2,_regenerator
FNDA:2,_regeneratorDefine2
FNDA:20,_regeneratorDefine
FNDA:6,o
FNDA:0,_OverloadYield
FNDA:0,asyncGeneratorStep
FNDA:2,_asyncToGenerator
FNDA:0,_callee
DA:1,1
DA:2,0
DA:3,1
DA:4,1
DA:5,1
DA:6,1
DA:7,1
DA:8,1
DA:9,0
DA:10,0
DA:11,0
DA:12,0
DA:13,0
DA:14,0
DA:15,2
DA:16,1
LF:16
LH:9
BRDA:2,0,0,0
BRDA:2,1,0,0
BRDA:2,2,0,0
BRDA:2,3,0,0
BRDA:2,4,0,4
BRDA:2,5,0,0
BRDA:2,6,0,2
BRDA:2,7,0,2
BRDA:2,8,0,0
BRDA:2,9,0,20
BRDA:2,10,0,18
BRDA:2,11,0,0
BRDA:2,12,0,2
BRDA:2,13,0,6
BRDA:2,14,0,2
BRDA:8,15,0,2
BRF:16
BRH:9
end_of_record
TN:
SF:src\services\AsyncThunk\userThunk.ts
FN:2,i
FN:2,Generator
FN:2,GeneratorFunction
FN:2,GeneratorFunctionPrototype
FN:2,f
FN:2,_regenerator
FN:2,_regeneratorDefine2
FN:2,_regeneratorDefine
FN:2,o
FN:2,_OverloadYield
FN:2,asyncGeneratorStep
FN:2,_asyncToGenerator
FN:4,_callee
FN:15,_callee2
FNF:14
FNH:6
FNDA:0,i
FNDA:0,Generator
FNDA:0,GeneratorFunction
FNDA:0,GeneratorFunctionPrototype
FNDA:6,f
FNDA:2,_regenerator
FNDA:2,_regeneratorDefine2
FNDA:20,_regeneratorDefine
FNDA:6,o
FNDA:0,_OverloadYield
FNDA:0,asyncGeneratorStep
FNDA:4,_asyncToGenerator
FNDA:0,_callee
FNDA:0,_callee2
DA:1,1
DA:2,0
DA:3,1
DA:4,1
DA:5,0
DA:6,0
DA:7,0
DA:8,0
DA:9,0
DA:10,0
DA:11,1
DA:12,1
DA:13,1
DA:14,1
DA:15,2
DA:16,0
DA:17,0
DA:18,0
DA:19,0
DA:20,0
DA:21,2
DA:22,2
DA:23,1
LF:23
LH:11
BRDA:2,0,0,0
BRDA:2,1,0,0
BRDA:2,2,0,0
BRDA:2,3,0,0
BRDA:2,4,0,6
BRDA:2,5,0,0
BRDA:2,6,0,2
BRDA:2,7,0,2
BRDA:2,8,0,0
BRDA:2,9,0,20
BRDA:2,10,0,18
BRDA:2,11,0,0
BRDA:2,12,0,2
BRDA:2,13,0,6
BRDA:2,14,0,4
BRDA:14,15,0,2
BRF:16
BRH:9
end_of_record
TN:
SF:src\services\Slices\autorizationSlice -slice\autorizationSlice.slice.ts
FN:35,isSuccessAuthSelector
FN:36,errorAuthSelector
FN:37,userNameSelector
FN:38,userEmailSelector
FN:39,isloadingAuth
FN:41,extraReducers
FNF:6
FNH:1
FNDA:0,isSuccessAuthSelector
FNDA:0,errorAuthSelector
FNDA:0,userNameSelector
FNDA:0,userEmailSelector
FNDA:0,isloadingAuth
FNDA:2,extraReducers
DA:1,1
DA:2,1
DA:3,1
DA:4,1
DA:5,1
DA:6,1
DA:7,1
DA:8,1
DA:9,1
DA:10,1
DA:11,1
DA:12,1
DA:13,1
DA:14,1
DA:15,1
DA:16,1
DA:17,1
DA:18,1
DA:19,1
DA:20,1
DA:21,1
DA:22,1
DA:23,1
DA:24,1
DA:25,1
DA:26,1
DA:27,1
DA:28,1
DA:29,1
DA:30,1
DA:31,1
DA:32,1
DA:33,1
DA:34,1
DA:35,1
DA:36,1
DA:37,1
DA:38,1
DA:39,1
DA:40,1
DA:41,1
DA:42,2
DA:43,2
DA:44,1
DA:45,1
DA:46,1
DA:47,2
DA:48,2
DA:49,2
DA:50,2
DA:51,1
DA:52,1
DA:53,1
DA:54,1
DA:55,1
DA:56,1
DA:57,2
DA:58,2
DA:59,1
DA:60,1
DA:61,1
DA:62,1
DA:63,1
DA:64,2
DA:65,2
DA:66,2
DA:67,1
DA:68,2
DA:69,2
DA:70,2
DA:71,1
DA:72,1
DA:73,2
DA:74,2
DA:75,2
DA:76,1
DA:77,1
DA:78,1
DA:79,2
DA:80,2
DA:81,1
DA:82,1
DA:83,1
DA:84,1
DA:85,1
DA:86,1
DA:87,1
DA:88,1
DA:89,1
DA:90,1
DA:91,1
LF:91
LH:91
BRDA:41,0,0,2
BRDA:43,1,0,1
BRDA:50,2,0,1
BRDA:58,3,0,1
BRDA:61,4,0,0
BRDA:66,5,0,1
BRDA:70,6,0,1
BRDA:75,7,0,1
BRF:8
BRH:7
end_of_record
TN:
SF:src\services\Slices\constructorIngridientsSlice\constructorIngridients.slice.ts
FN:18,getCurrentIngredientSelector
FN:24,getIdBun
FN:27,addIngredient
FN:30,setBun
FN:33,removeIngredient
FN:38,clearConstructor
FN:42,moveIngredient
FN:57,setBunWithId
FN:62,setIngredientWithId
FNF:9
FNH:3
FNDA:0,getCurrentIngredientSelector
FNDA:0,getIdBun
FNDA:1,addIngredient
FNDA:0,setBun
FNDA:1,removeIngredient
FNDA:0,clearConstructor
FNDA:1,moveIngredient
FNDA:0,setBunWithId
FNDA:0,setIngredientWithId
DA:1,1
DA:2,1
DA:3,1
DA:4,1
DA:5,1
DA:6,1
DA:7,1
DA:8,1
DA:9,1
DA:10,1
DA:11,1
DA:12,1
DA:13,1
DA:14,1
DA:15,1
DA:16,1
DA:17,1
DA:18,1
DA:19,0
DA:20,0
DA:21,0
DA:22,0
DA:23,0
DA:24,1
DA:25,1
DA:26,1
DA:27,1
DA:28,1
DA:29,1
DA:30,1
DA:31,0
DA:32,1
DA:33,1
DA:34,1
DA:35,1
DA:36,1
DA:37,1
DA:38,1
DA:39,0
DA:40,0
DA:41,1
DA:42,1
DA:43,1
DA:44,1
DA:45,1
DA:46,1
DA:47,1
DA:48,1
DA:49,1
DA:50,1
DA:51,1
DA:52,1
DA:53,1
DA:54,1
DA:55,1
DA:56,1
DA:57,1
DA:58,0
DA:59,0
DA:60,0
DA:61,1
DA:62,1
DA:63,0
DA:64,0
DA:65,0
DA:66,0
DA:67,0
DA:68,0
DA:69,1
DA:70,1
DA:71,1
DA:72,1
DA:73,1
DA:74,1
DA:75,1
DA:76,1
DA:77,1
DA:78,1
DA:79,1
LF:79
LH:62
BRDA:27,0,0,1
BRDA:33,1,0,1
BRDA:35,2,0,2
BRDA:42,3,0,1
BRF:4
BRH:4
end_of_record
TN:
SF:src\services\Slices\createOrder-slice\createOrder.slice.ts
FN:26,oredersSelectors
FN:27,ordersLoading
FN:28,orderModalDataSelector
FN:29,errorCreateOrderSelector
FN:30,isSuccessCreateOrderSelector
FN:33,closeModalData
FN:38,extraReducers
FNF:7
FNH:2
FNDA:0,oredersSelectors
FNDA:0,ordersLoading
FNDA:0,orderModalDataSelector
FNDA:0,errorCreateOrderSelector
FNDA:0,isSuccessCreateOrderSelector
FNDA:1,closeModalData
FNDA:2,extraReducers
DA:1,1
DA:2,1
DA:3,1
DA:4,1
DA:5,1
DA:6,1
DA:7,1
DA:8,1
DA:9,1
DA:10,1
DA:11,1
DA:12,1
DA:13,1
DA:14,1
DA:15,1
DA:16,1
DA:17,1
DA:18,1
DA:19,1
DA:20,1
DA:21,1
DA:22,1
DA:23,1
DA:24,1
DA:25,1
DA:26,1
DA:27,1
DA:28,1
DA:29,1
DA:30,1
DA:31,1
DA:32,1
DA:33,1
DA:34,1
DA:35,1
DA:36,1
DA:37,1
DA:38,1
DA:39,2
DA:40,2
DA:41,1
DA:42,1
DA:43,2
DA:44,2
DA:45,2
DA:46,2
DA:47,1
DA:48,1
DA:49,1
DA:50,1
DA:51,1
DA:52,2
DA:53,2
DA:54,1
DA:55,1
DA:56,1
DA:57,2
DA:58,2
DA:59,1
DA:60,1
DA:61,1
DA:62,1
DA:63,1
DA:64,1
DA:65,1
DA:66,1
DA:67,1
DA:68,1
DA:69,1
DA:70,1
DA:71,1
LF:71
LH:71
BRDA:33,0,0,1
BRDA:38,1,0,2
BRDA:40,2,0,1
BRDA:46,3,0,1
BRDA:53,4,0,1
BRDA:56,5,0,0
BRF:6
BRH:5
end_of_record
TN:
SF:src\services\Slices\ingridient-slice\ingridient.slice.ts
FN:21,ingredientsSelector
FN:22,isIngridientLoading
FN:23,errorLoadingIngSelector
FN:31,extraReducers
FNF:4
FNH:1
FNDA:0,ingredientsSelector
FNDA:0,isIngridientLoading
FNDA:0,errorLoadingIngSelector
FNDA:2,extraReducers
DA:1,1
DA:2,1
DA:3,1
DA:4,1
DA:5,1
DA:6,1
DA:7,1
DA:8,1
DA:9,1
DA:10,1
DA:11,1
DA:12,1
DA:13,1
DA:14,1
DA:15,1
DA:16,1
DA:17,1
DA:18,1
DA:19,1
DA:20,1
DA:21,1
DA:22,1
DA:23,1
DA:24,1
DA:25,1
DA:26,1
DA:27,1
DA:28,1
DA:29,1
DA:30,1
DA:31,1
DA:32,2
DA:33,2
DA:34,1
DA:35,1
DA:36,2
DA:37,2
DA:38,2
DA:39,2
DA:40,1
DA:41,1
DA:42,1
DA:43,1
DA:44,2
DA:45,2
DA:46,1
DA:47,2
DA:48,2
DA:49,1
DA:50,1
DA:51,1
DA:52,1
DA:53,1
DA:54,1
DA:55,1
DA:56,1
LF:56
LH:56
BRDA:31,0,0,2
BRDA:33,1,0,1
BRDA:39,2,0,1
BRDA:45,3,0,1
BRDA:46,4,0,0
BRF:5
BRH:4
end_of_record
TN:
SF:src\services\Slices\logoutSlice\logoutSlice.slice.ts
FN:21,isLoadingLogout
FN:22,isSuccessLogout
FN:24,extraReducers
FNF:3
FNH:1
FNDA:0,isLoadingLogout
FNDA:0,isSuccessLogout
FNDA:2,extraReducers
DA:1,1
DA:2,1
DA:3,1
DA:4,1
DA:5,1
DA:6,1
DA:7,1
DA:8,1
DA:9,1
DA:10,1
DA:11,1
DA:12,1
DA:13,1
DA:14,1
DA:15,1
DA:16,1
DA:17,1
DA:18,1
DA:19,1
DA:20,1
DA:21,1
DA:22,1
DA:23,1
DA:24,1
DA:25,2
DA:26,2
DA:27,1
DA:28,2
DA:29,2
DA:30,1
DA:31,1
DA:32,2
DA:33,2
DA:34,1
DA:35,1
DA:36,2
DA:37,2
DA:38,1
DA:39,1
DA:40,1
DA:41,1
LF:41
LH:41
BRDA:24,0,0,2
BRDA:26,1,0,1
BRDA:29,2,0,1
BRDA:33,3,0,1
BRF:4
BRH:4
end_of_record
TN:
SF:src\services\Slices\order-slice\order.slice.ts
FN:33,getOrdersSelector
FN:34,ingridientsFeed
FN:35,loadingSelector
FN:36,currentOrderSelector
FN:38,extraReducers
FNF:5
FNH:1
FNDA:0,getOrdersSelector
FNDA:0,ingridientsFeed
FNDA:0,loadingSelector
FNDA:0,currentOrderSelector
FNDA:2,extraReducers
DA:1,1
DA:2,1
DA:3,1
DA:4,1
DA:5,1
DA:6,1
DA:7,1
DA:8,1
DA:9,1
DA:10,1
DA:11,1
DA:12,1
DA:13,1
DA:14,1
DA:15,1
DA:16,1
DA:17,1
DA:18,1
DA:19,1
DA:20,1
DA:21,1
DA:22,1
DA:23,1
DA:24,1
DA:25,1
DA:26,1
DA:27,1
DA:28,1
DA:29,1
DA:30,1
DA:31,1
DA:32,1
DA:33,1
DA:34,1
DA:35,1
DA:36,1
DA:37,1
DA:38,1
DA:39,2
DA:40,2
DA:41,1
DA:42,2
DA:43,2
DA:44,2
DA:45,2
DA:46,1
DA:47,1
DA:48,1
DA:49,1
DA:50,1
DA:51,1
DA:52,2
DA:53,2
DA:54,1
DA:55,1
DA:56,2
DA:57,2
DA:58,2
DA:59,1
DA:60,2
DA:61,2
DA:62,2
DA:63,2
DA:64,1
DA:65,1
DA:66,1
DA:67,2
DA:68,2
DA:69,1
DA:70,1
DA:71,2
DA:72,2
DA:73,1
DA:74,1
DA:75,1
DA:76,1
DA:77,1
DA:78,1
DA:79,1
DA:80,1
DA:81,1
DA:82,1
LF:82
LH:82
BRDA:38,0,0,2
BRDA:40,1,0,1
BRDA:45,2,0,1
BRDA:53,3,0,1
BRDA:54,4,0,0
BRDA:58,5,0,1
BRDA:63,6,0,1
BRDA:68,7,0,1
BRF:8
BRH:7
end_of_record
TN:
SF:src\services\Slices\profileOrders-slice\profileOrders.slice.ts
FN:22,profileOrdersSelector
FN:23,profileIsLoadingSelector
FN:24,profileErrorSelector
FN:27,extraReducers
FNF:4
FNH:1
FNDA:0,profileOrdersSelector
FNDA:0,profileIsLoadingSelector
FNDA:0,profileErrorSelector
FNDA:2,extraReducers
DA:1,1
DA:2,1
DA:3,1
DA:4,1
DA:5,1
DA:6,1
DA:7,1
DA:8,1
DA:9,1
DA:10,1
DA:11,1
DA:12,1
DA:13,1
DA:14,1
DA:15,1
DA:16,1
DA:17,1
DA:18,1
DA:19,1
DA:20,1
DA:21,1
DA:22,1
DA:23,1
DA:24,1
DA:25,1
DA:26,1
DA:27,1
DA:28,2
DA:29,2
DA:30,1
DA:31,1
DA:32,2
DA:33,2
DA:34,2
DA:35,2
DA:36,2
DA:37,1
DA:38,1
DA:39,1
DA:40,2
DA:41,2
DA:42,2
DA:43,1
DA:44,1
DA:45,2
DA:46,1
DA:47,1
DA:48,1
DA:49,1
DA:50,1
DA:51,1
DA:52,1
DA:53,1
LF:53
LH:53
BRDA:27,0,0,2
BRDA:29,1,0,1
BRDA:36,2,0,1
BRDA:42,3,0,1
BRDA:44,4,0,0
BRF:5
BRH:4
end_of_record
TN:
SF:src\services\Slices\register-slice\register.slice.ts
FN:22,showRegistrationSuccessModal
FN:25,closeRegistrationSuccessModal
FN:30,registerLoadingSelector
FN:31,errorRegisterSelector
FN:32,registerSuccessSelector
FN:33,regSuccessSelector
FN:35,extraReducers
FNF:7
FNH:3
FNDA:1,showRegistrationSuccessModal
FNDA:1,closeRegistrationSuccessModal
FNDA:0,registerLoadingSelector
FNDA:0,errorRegisterSelector
FNDA:0,registerSuccessSelector
FNDA:0,regSuccessSelector
FNDA:2,extraReducers
DA:1,1
DA:2,1
DA:3,1
DA:4,1
DA:5,1
DA:6,1
DA:7,1
DA:8,1
DA:9,1
DA:10,1
DA:11,1
DA:12,1
DA:13,1
DA:14,1
DA:15,1
DA:16,1
DA:17,1
DA:18,1
DA:19,1
DA:20,1
DA:21,1
DA:22,1
DA:23,1
DA:24,1
DA:25,1
DA:26,1
DA:27,1
DA:28,1
DA:29,1
DA:30,1
DA:31,1
DA:32,1
DA:33,1
DA:34,1
DA:35,1
DA:36,2
DA:37,2
DA:38,1
DA:39,1
DA:40,2
DA:41,2
DA:42,2
DA:43,2
DA:44,1
DA:45,1
DA:46,1
DA:47,1
DA:48,2
DA:49,2
DA:50,1
DA:51,1
DA:52,1
DA:53,1
DA:54,2
DA:55,2
DA:56,1
DA:57,1
DA:58,1
DA:59,1
DA:60,1
DA:61,1
DA:62,1
DA:63,1
DA:64,1
DA:65,1
DA:66,1
DA:67,1
LF:67
LH:67
BRDA:22,0,0,1
BRDA:25,1,0,1
BRDA:35,2,0,2
BRDA:37,3,0,1
BRDA:43,4,0,1
BRDA:49,5,0,1
BRDA:52,6,0,0
BRF:7
BRH:6
end_of_record
TN:
SF:src\services\Slices\updateTokens-slice\updateTokens.slice.ts
FN:18,errorTokensSelector
FN:19,isLoadingTokensSelector
FN:22,extraReducers
FNF:3
FNH:1
FNDA:0,errorTokensSelector
FNDA:0,isLoadingTokensSelector
FNDA:2,extraReducers
DA:1,1
DA:2,1
DA:3,1
DA:4,1
DA:5,1
DA:6,1
DA:7,1
DA:8,1
DA:9,1
DA:10,1
DA:11,1
DA:12,1
DA:13,1
DA:14,1
DA:15,1
DA:16,1
DA:17,1
DA:18,1
DA:19,1
DA:20,1
DA:21,1
DA:22,1
DA:23,2
DA:24,2
DA:25,1
DA:26,1
DA:27,2
DA:28,2
DA:29,1
DA:30,2
DA:31,2
DA:32,1
DA:33,2
DA:34,2
DA:35,1
DA:36,1
DA:37,1
DA:38,1
DA:39,1
LF:39
LH:39
BRDA:22,0,0,2
BRDA:24,1,0,1
BRDA:28,2,0,1
BRDA:31,3,0,1
BRDA:32,4,0,0
BRF:5
BRH:4
end_of_record
TN:
SF:src\services\Slices\user-slice\user.slice.ts
FN:26,getUserSelector
FN:27,getIsLoadingSelector
FN:28,getIsAuthCheckSelector
FN:29,errorUserSelector
FN:32,extraReducers
FNF:5
FNH:1
FNDA:0,getUserSelector
FNDA:0,getIsLoadingSelector
FNDA:0,getIsAuthCheckSelector
FNDA:0,errorUserSelector
FNDA:1,extraReducers
DA:1,1
DA:2,1
DA:3,1
DA:4,1
DA:5,1
DA:6,1
DA:7,1
DA:8,1
DA:9,1
DA:10,1
DA:11,1
DA:12,1
DA:13,1
DA:14,1
DA:15,1
DA:16,1
DA:17,1
DA:18,1
DA:19,1
DA:20,1
DA:21,1
DA:22,1
DA:23,1
DA:24,1
DA:25,1
DA:26,1
DA:27,1
DA:28,1
DA:29,1
DA:30,1
DA:31,1
DA:32,1
DA:33,1
DA:34,1
DA:35,1
DA:36,1
DA:37,1
DA:38,1
DA:39,1
DA:40,1
DA:41,1
DA:42,1
DA:43,1
DA:44,1
DA:45,1
DA:46,1
DA:47,1
DA:48,1
DA:49,1
DA:50,1
DA:51,1
DA:52,1
DA:53,1
DA:54,1
DA:55,1
DA:56,1
DA:57,1
DA:58,1
DA:59,1
DA:60,1
DA:61,1
DA:62,1
DA:63,1
DA:64,1
DA:65,1
DA:66,1
DA:67,1
DA:68,1
DA:69,1
DA:70,1
DA:71,1
DA:72,1
DA:73,1
DA:74,1
DA:75,1
DA:76,0
DA:77,1
DA:78,1
DA:79,1
DA:80,1
DA:81,1
DA:82,1
DA:83,1
DA:84,1
DA:85,1
DA:86,1
LF:86
LH:85
BRDA:32,0,0,1
BRDA:34,1,0,1
BRDA:41,2,0,1
BRDA:48,3,0,1
BRDA:52,4,0,0
BRDA:55,5,0,1
BRDA:61,6,0,1
BRDA:68,7,0,1
BRDA:72,8,0,0
BRF:9
BRH:7
end_of_record
TN:
SF:src\services\store\store.ts
FN:40,useDispatch
FNF:1
FNH:0
FNDA:0,useDispatch
DA:1,1
DA:2,1
DA:3,1
DA:4,1
DA:5,1
DA:6,1
DA:7,1
DA:8,1
DA:9,1
DA:10,1
DA:11,1
DA:12,1
DA:13,1
DA:14,1
DA:15,1
DA:16,1
DA:17,1
DA:18,1
DA:19,1
DA:20,1
DA:21,1
DA:22,1
DA:23,1
DA:24,1
DA:25,1
DA:26,1
DA:27,1
DA:28,1
DA:29,1
DA:30,1
DA:31,1
DA:32,1
DA:33,1
DA:34,1
DA:35,1
DA:36,1
DA:37,1
DA:38,1
DA:39,1
DA:40,1
DA:41,1
DA:42,1
DA:43,1
LF:43
LH:43
BRF:0
BRH:0
end_of_record
TN:
SF:src\utils\burger-api.ts
FN:2,_regenerator
FN:2,i
FN:2,Generator
FN:2,GeneratorFunction
FN:2,GeneratorFunctionPrototype
FN:2,f
FN:2,_regenerator
FN:2,_regeneratorDefine2
FN:2,_regeneratorDefine
FN:2,o
FN:2,_OverloadYield
FN:2,asyncGeneratorStep
FN:2,_asyncToGenerator
FN:7,checkResponse
FN:19,refreshToken
FN:39,_callee
FN:75,getIngredientsApi
FN:88,getFeedsApi
FN:96,getOrdersApi
FN:113,orderBurgerApi
FN:132,getOrderByNumberApi
FN:152,registerUserApi
FN:171,loginUserApi
FN:185,forgotPasswordApi
FN:199,resetPasswordApi
FN:215,getUserApi
FN:222,updateUserApi
FN:232,logoutApi
FNF:28
FNH:7
FNDA:7,_regenerator
FNDA:0,i
FNDA:0,Generator
FNDA:0,GeneratorFunction
FNDA:0,GeneratorFunctionPrototype
FNDA:14,f
FNDA:7,_regenerator
FNDA:7,_regeneratorDefine2
FNDA:70,_regeneratorDefine
FNDA:21,o
FNDA:0,_OverloadYield
FNDA:0,asyncGeneratorStep
FNDA:7,_asyncToGenerator
FNDA:0,checkResponse
FNDA:0,refreshToken
FNDA:0,_callee
FNDA:0,getIngredientsApi
FNDA:0,getFeedsApi
FNDA:0,getOrdersApi
FNDA:0,orderBurgerApi
FNDA:0,getOrderByNumberApi
FNDA:0,registerUserApi
FNDA:0,loginUserApi
FNDA:0,forgotPasswordApi
FNDA:0,resetPasswordApi
FNDA:0,getUserApi
FNDA:0,updateUserApi
FNDA:0,logoutApi
DA:1,1
DA:2,0
DA:3,1
DA:4,1
DA:5,1
DA:6,1
DA:7,1
DA:8,0
DA:9,1
DA:10,1
DA:11,1
DA:12,1
DA:13,1
DA:14,1
DA:15,1
DA:16,1
DA:17,1
DA:18,1
DA:19,1
DA:20,0
DA:21,0
DA:22,0
DA:23,0
DA:24,0
DA:25,0
DA:26,0
DA:27,0
DA:28,0
DA:29,0
DA:30,0
DA:31,0
DA:32,0
DA:33,0
DA:34,0
DA:35,0
DA:36,0
DA:37,0
DA:38,1
DA:39,1
DA:40,0
DA:41,0
DA:42,0
DA:43,0
DA:44,0
DA:45,0
DA:46,0
DA:47,0
DA:48,0
DA:49,0
DA:50,0
DA:51,0
DA:52,0
DA:53,0
DA:54,0
DA:55,0
DA:56,0
DA:57,1
DA:58,1
DA:59,1
DA:60,1
DA:61,1
DA:62,1
DA:63,1
DA:64,1
DA:65,1
DA:66,1
DA:67,1
DA:68,1
DA:69,1
DA:70,1
DA:71,1
DA:72,1
DA:73,1
DA:74,1
DA:75,1
DA:76,0
DA:77,0
DA:78,0
DA:79,0
DA:80,0
DA:81,0
DA:82,0
DA:83,0
DA:84,0
DA:85,0
DA:86,0
DA:87,1
DA:88,1
DA:89,0
DA:90,0
DA:91,0
DA:92,0
DA:93,0
DA:94,0
DA:95,1
DA:96,1
DA:97,0
DA:98,0
DA:99,0
DA:100,0
DA:101,0
DA:102,0
DA:103,0
DA:104,0
DA:105,0
DA:106,0
DA:107,1
DA:108,1
DA:109,1
DA:110,1
DA:111,1
DA:112,1
DA:113,1
DA:114,0
DA:115,0
DA:116,0
DA:117,0
DA:118,0
DA:119,0
DA:120,0
DA:121,0
DA:122,0
DA:123,0
DA:124,0
DA:125,0
DA:126,0
DA:127,1
DA:128,1
DA:129,1
DA:130,1
DA:131,1
DA:132,1
DA:133,0
DA:134,0
DA:135,0
DA:136,0
DA:137,0
DA:138,0
DA:139,1
DA:140,1
DA:141,1
DA:142,1
DA:143,1
DA:144,1
DA:145,1
DA:146,1
DA:147,1
DA:148,1
DA:149,1
DA:150,1
DA:151,1
DA:152,1
DA:153,0
DA:154,0
DA:155,0
DA:156,0
DA:157,0
DA:158,0
DA:159,0
DA:160,0
DA:161,0
DA:162,0
DA:163,0
DA:164,0
DA:165,1
DA:166,1
DA:167,1
DA:168,1
DA:169,1
DA:170,1
DA:171,1
DA:172,0
DA:173,0
DA:174,0
DA:175,0
DA:176,0
DA:177,0
DA:178,0
DA:179,0
DA:180,0
DA:181,0
DA:182,0
DA:183,0
DA:184,1
DA:185,1
DA:186,0
DA:187,0
DA:188,0
DA:189,0
DA:190,0
DA:191,0
DA:192,0
DA:193,0
DA:194,0
DA:195,0
DA:196,0
DA:197,0
DA:198,1
DA:199,1
DA:200,0
DA:201,0
DA:202,0
DA:203,0
DA:204,0
DA:205,0
DA:206,0
DA:207,0
DA:208,0
DA:209,0
DA:210,0
DA:211,0
DA:212,1
DA:213,1
DA:214,1
DA:215,1
DA:216,0
DA:217,0
DA:218,0
DA:219,0
DA:220,0
DA:221,1
DA:222,1
DA:223,0
DA:224,0
DA:225,0
DA:226,0
DA:227,0
DA:228,0
DA:229,0
DA:230,0
DA:231,1
DA:232,1
DA:233,0
DA:234,0
DA:235,0
DA:236,0
DA:237,0
DA:238,0
DA:239,0
DA:240,0
DA:241,0
LF:241
LH:88
BRDA:2,0,0,7
BRDA:2,1,0,0
BRDA:2,2,0,0
BRDA:2,3,0,0
BRDA:2,4,0,0
BRDA:2,5,0,14
BRDA:2,6,0,0
BRDA:2,7,0,7
BRDA:2,8,0,7
BRDA:2,9,0,0
BRDA:2,10,0,70
BRDA:2,11,0,63
BRDA:2,12,0,0
BRDA:2,13,0,7
BRDA:2,14,0,21
BRDA:2,15,0,7
BRDA:39,16,0,7
BRF:17
BRH:10
end_of_record
TN:
SF:src\utils\cookie.ts
FN:1,getCookie
FN:13,setCookie
FN:45,deleteCookie
FNF:3
FNH:0
FNDA:0,getCookie
FNDA:0,setCookie
FNDA:0,deleteCookie
DA:1,1
DA:2,0
DA:3,0
DA:4,0
DA:5,0
DA:6,0
DA:7,0
DA:8,0
DA:9,0
DA:10,0
DA:11,0
DA:12,1
DA:13,1
DA:14,0
DA:15,0
DA:16,0
DA:17,0
DA:18,0
DA:19,0
DA:20,0
DA:21,0
DA:22,0
DA:23,0
DA:24,0
DA:25,0
DA:26,0
DA:27,0
DA:28,0
DA:29,0
DA:30,0
DA:31,0
DA:32,0
DA:33,0
DA:34,0
DA:35,0
DA:36,0
DA:37,0
DA:38,0
DA:39,0
DA:40,0
DA:41,0
DA:42,0
DA:43,0
DA:44,1
DA:45,1
DA:46,0
DA:47,0
LF:47
LH:5
BRF:0
BRH:0
end_of_record
